<?xml version="1.0" encoding="UTF-8"?>
<testsuite xmlns:xsi="http://www.w3.org/2001/XMLSchema-instance" xsi:noNamespaceSchemaLocation="https://maven.apache.org/surefire/maven-surefire-plugin/xsd/surefire-test-report.xsd" name="com.example.AppTest" time="0.157" tests="9" errors="0" skipped="0" failures="0">
  <properties>
[...]
</properties>
  <testcase name="TestAddElementList1" classname="com.example.AppTest" time="0.113"/>
  <testcase name="TestAddElementList2" classname="com.example.AppTest" time="0"/>
  <testcase name="TestListComparison1" classname="com.example.AppTest" time="0.002"/>
  <testcase name="TestListComparison2" classname="com.example.AppTest" time="0"/>
  <testcase name="TestListComparison3" classname="com.example.AppTest" time="0"/>
  <testcase name="TestFindList1" classname="com.example.AppTest" time="0"/>
  <testcase name="TestFindList2" classname="com.example.AppTest" time="0"/>
  <testcase name="TestSizeList1" classname="com.example.AppTest" time="0"/>
  <testcase name="TestSizeList2" classname="com.example.AppTest" time="0"/>
</testsuite>